
=== Mon Apr 29 12:51:12 2024

Packages were changed.
Update Mode: mergeDefaultDependencies

The following packages were added:
  com.unity.modules.ai@1.0.0
  com.unity.modules.androidjni@1.0.0
  com.unity.modules.animation@1.0.0
  com.unity.modules.assetbundle@1.0.0
  com.unity.modules.audio@1.0.0
  com.unity.modules.cloth@1.0.0
  com.unity.modules.director@1.0.0
  com.unity.modules.imageconversion@1.0.0
  com.unity.modules.imgui@1.0.0
  com.unity.modules.jsonserialize@1.0.0
  com.unity.modules.particlesystem@1.0.0
  com.unity.modules.physics@1.0.0
  com.unity.modules.physics2d@1.0.0
  com.unity.modules.screencapture@1.0.0
  com.unity.modules.terrain@1.0.0
  com.unity.modules.terrainphysics@1.0.0
  com.unity.modules.tilemap@1.0.0
  com.unity.modules.ui@1.0.0
  com.unity.modules.uielements@1.0.0
  com.unity.modules.umbra@1.0.0
  com.unity.modules.unityanalytics@1.0.0
  com.unity.modules.unitywebrequest@1.0.0
  com.unity.modules.unitywebrequestassetbundle@1.0.0
  com.unity.modules.unitywebrequestaudio@1.0.0
  com.unity.modules.unitywebrequesttexture@1.0.0
  com.unity.modules.unitywebrequestwww@1.0.0
  com.unity.modules.vehicles@1.0.0
  com.unity.modules.video@1.0.0
  com.unity.modules.vr@1.0.0
  com.unity.modules.wind@1.0.0
  com.unity.modules.xr@1.0.0
  com.unity.modules.accessibility@1.0.0

=== Fri Aug  9 10:47:14 2024

Packages were changed.
Update Mode: updateDependencies

The following packages were updated:
  com.unity.cinemachine from version 2.6.17 to 2.9.5
  com.unity.ide.rider from version 3.0.16 to 3.0.27
  com.unity.ide.visualstudio from version 2.0.16 to 2.0.22
  com.unity.inputsystem from version 1.4.4 to 1.7.0
  com.unity.postprocessing from version 2.3.0 to 3.4.0
  com.unity.test-framework from version 1.1.33 to 1.3.9
  com.unity.ugui from version 1.0.0 to 2.0.0
  com.unity.timeline from version 1.7.1 to 1.8.6
The following packages were removed:
  com.unity.textmeshpro@3.0.6

=== Fri Aug  9 10:47:14 2024

Packages were changed.
Update Mode: mergeDefaultDependencies

The following packages were added:
  com.unity.2d.sprite@1.0.0
  com.unity.cinemachine@2.9.5
  com.unity.formats.fbx@5.1.0
  com.unity.ide.vscode@1.2.5

=== Mon Aug 26 21:33:44 2024

Packages were changed.
Update Mode: updateDependencies

The following packages were updated:
  com.unity.cinemachine from version 2.6.17 to 2.9.5
  com.unity.ide.rider from version 3.0.16 to 3.0.27
  com.unity.ide.visualstudio from version 2.0.16 to 2.0.22
  com.unity.inputsystem from version 1.4.4 to 1.7.0
  com.unity.postprocessing from version 2.3.0 to 3.4.0
  com.unity.test-framework from version 1.1.33 to 1.3.9
  com.unity.ugui from version 1.0.0 to 2.0.0
  com.unity.timeline from version 1.7.1 to 1.8.6
The following packages were removed:
  com.unity.textmeshpro@3.0.6

=== Mon Aug 26 21:33:44 2024

Packages were changed.
Update Mode: mergeDefaultDependencies

The following packages were added:
  com.unity.ide.vscode@1.2.5
